2023-11-23 14:14:14 - Neovide panicked with the message 'If dragging, there should be a window details recorded'. (File: src/window/mouse_manager.rs; Line: 128, Column: 26)
   0: __mh_execute_header
   1: __mh_execute_header
   2: __mh_execute_header
   3: __mh_execute_header
   4: __mh_execute_header
   5: __mh_execute_header
   6: __mh_execute_header
   7: __mh_execute_header
   8: __mh_execute_header
   9: __mh_execute_header
  10: __mh_execute_header
  11: __mh_execute_header
  12: __mh_execute_header
  13: __mh_execute_header
  14: <unknown>
  15: <unknown>
  16: <unknown>
  17: <unknown>
  18: <unknown>
  19: <unknown>
  20: <unknown>
  21: <unknown>
  22: <unknown>
  23: <unknown>
  24: __mh_execute_header
  25: __mh_execute_header
  26: __mh_execute_header
  27: __mh_execute_header
  28: __mh_execute_header

2023-11-23 14:14:14 - Neovide panicked with the message 'called `Result::unwrap()` on an `Err` value: PoisonError { .. }'. (File: /Users/Home/.cargo/registry/src/index.crates.io-6f17d22bba15001f/winit-0.29.2/src/platform_impl/macos/app_state.rs; Line: 377, Column: 33)
   0: __mh_execute_header
   1: __mh_execute_header
   2: __mh_execute_header
   3: __mh_execute_header
   4: __mh_execute_header
   5: __mh_execute_header
   6: __mh_execute_header
   7: __mh_execute_header
   8: __mh_execute_header
   9: __mh_execute_header
  10: __mh_execute_header
  11: __mh_execute_header
  12: __mh_execute_header

